0 info it worked if it ends with ok
1 verbose cli [
1 verbose cli   'C:\\Program Files\\nodejs\\node.exe',
1 verbose cli   'C:\\Users\\Elitebook\\AppData\\Roaming\\npm\\node_modules\\npm\\bin\\npm-cli.js',
1 verbose cli   'init'
1 verbose cli ]
2 info using npm@3.10.10
3 info using node@v12.14.1
4 verbose stack Error: kill ENOSYS
4 verbose stack     at process.kill (internal/process/per_thread.js:189:13)
4 verbose stack     at process.listener (C:\Users\Elitebook\AppData\Roaming\npm\node_modules\npm\node_modules\npmlog\node_modules\gauge\node_modules\signal-exit\index.js:86:15)
4 verbose stack     at process.emit (events.js:228:7)
5 verbose cwd C:\Users\Elitebook\Desktop\DB-hyf\databases\Week3\homework\MongoDB
6 error Windows_NT 10.0.18362
7 error argv "C:\\Program Files\\nodejs\\node.exe" "C:\\Users\\Elitebook\\AppData\\Roaming\\npm\\node_modules\\npm\\bin\\npm-cli.js" "init"
8 error node v12.14.1
9 error npm  v3.10.10
10 error code ENOSYS
11 error errno ENOSYS
12 error syscall kill
13 error kill ENOSYS
14 error If you need help, you may report this error at:
14 error     <https://github.com/npm/npm/issues>
15 verbose exit [ 1, true ]
